<?xml version="1.0" encoding="UTF-8"?>
<!-- Generated by org.testng.reporters.JUnitReportReporter -->
<testsuite hostname="LAPTOP-UG2288AI" failures="0" tests="1" name="runners.TestRunner" time="14.881" errors="1" timestamp="2025-09-06T23:22:57 IST" skipped="0">
  <testcase classname="runners.TestRunner" name="runScenario" time="14.881">
    <error message="element click intercepted: Element &lt;img src=&quot;https://images.moneycontrol.com/images/wealth/calculate.gif&quot; border=&quot;0&quot; onclick=&quot;calculate_epf();&quot;&gt; is not clickable at point (600, 610). Other element would receive the click: &lt;div class=&quot;wzrk-overlay&quot;&gt;&lt;/div&gt;
  (Session info: chrome=139.0.7258.155)
Build info: version: &#039;4.21.0&#039;, revision: &#039;79ed462ef4&#039;
System info: os.name: &#039;Windows 11&#039;, os.arch: &#039;amd64&#039;, os.version: &#039;10.0&#039;, java.version: &#039;17.0.12&#039;
Driver info: org.openqa.selenium.chrome.ChromeDriver
Command: [aa5d78f1602e3e8ba824cc6a3ded67b8, clickElement {id=f.6723B9EBCB3F18F8D7F4F8132FD6E985.d.E171935FBD0930AD257D3701443740F3.e.138}]
Capabilities {acceptInsecureCerts: false, browserName: chrome, browserVersion: 139.0.7258.155, chrome: {chromedriverVersion: 139.0.7258.154 (9e0d6b2b47f..., userDataDir: C:\Users\HP\AppData\Local\T...}, fedcm:accounts: true, goog:chromeOptions: {debuggerAddress: localhost:49800}, networkConnectionEnabled: false, pageLoadStrategy: normal, platformName: windows, proxy: Proxy(), se:cdp: ws://localhost:49800/devtoo..., se:cdpVersion: 139.0.7258.155, setWindowRect: true, strictFileInteractability: false, timeouts: {implicit: 0, pageLoad: 300000, script: 30000}, unhandledPromptBehavior: dismiss and notify, webauthn:extension:credBlob: true, webauthn:extension:largeBlob: true, webauthn:extension:minPinLength: true, webauthn:extension:prf: true, webauthn:virtualAuthenticators: true}
Element: [[ChromeDriver: chrome on windows (aa5d78f1602e3e8ba824cc6a3ded67b8)] -&gt; xpath: //img[@src=&#039;https://images.moneycontrol.com/images/wealth/calculate.gif&#039;]]
Session ID: aa5d78f1602e3e8ba824cc6a3ded67b8" type="org.openqa.selenium.ElementClickInterceptedException">
      <![CDATA[org.openqa.selenium.ElementClickInterceptedException: element click intercepted: Element <img src="https://images.moneycontrol.com/images/wealth/calculate.gif" border="0" onclick="calculate_epf();"> is not clickable at point (600, 610). Other element would receive the click: <div class="wzrk-overlay"></div>
  (Session info: chrome=139.0.7258.155)
Build info: version: '4.21.0', revision: '79ed462ef4'
System info: os.name: 'Windows 11', os.arch: 'amd64', os.version: '10.0', java.version: '17.0.12'
Driver info: org.openqa.selenium.chrome.ChromeDriver
Command: [aa5d78f1602e3e8ba824cc6a3ded67b8, clickElement {id=f.6723B9EBCB3F18F8D7F4F8132FD6E985.d.E171935FBD0930AD257D3701443740F3.e.138}]
Capabilities {acceptInsecureCerts: false, browserName: chrome, browserVersion: 139.0.7258.155, chrome: {chromedriverVersion: 139.0.7258.154 (9e0d6b2b47f..., userDataDir: C:\Users\HP\AppData\Local\T...}, fedcm:accounts: true, goog:chromeOptions: {debuggerAddress: localhost:49800}, networkConnectionEnabled: false, pageLoadStrategy: normal, platformName: windows, proxy: Proxy(), se:cdp: ws://localhost:49800/devtoo..., se:cdpVersion: 139.0.7258.155, setWindowRect: true, strictFileInteractability: false, timeouts: {implicit: 0, pageLoad: 300000, script: 30000}, unhandledPromptBehavior: dismiss and notify, webauthn:extension:credBlob: true, webauthn:extension:largeBlob: true, webauthn:extension:minPinLength: true, webauthn:extension:prf: true, webauthn:virtualAuthenticators: true}
Element: [[ChromeDriver: chrome on windows (aa5d78f1602e3e8ba824cc6a3ded67b8)] -> xpath: //img[@src='https://images.moneycontrol.com/images/wealth/calculate.gif']]
Session ID: aa5d78f1602e3e8ba824cc6a3ded67b8
at java.base/jdk.internal.reflect.NativeConstructorAccessorImpl.newInstance0(Native Method)
at java.base/jdk.internal.reflect.NativeConstructorAccessorImpl.newInstance(NativeConstructorAccessorImpl.java:77)
at java.base/jdk.internal.reflect.DelegatingConstructorAccessorImpl.newInstance(DelegatingConstructorAccessorImpl.java:45)
at java.base/java.lang.reflect.Constructor.newInstanceWithCaller(Constructor.java:499)
at java.base/java.lang.reflect.Constructor.newInstance(Constructor.java:480)
at org.openqa.selenium.remote.ErrorCodec.decode(ErrorCodec.java:167)
at org.openqa.selenium.remote.codec.w3c.W3CHttpResponseCodec.decode(W3CHttpResponseCodec.java:138)
at org.openqa.selenium.remote.codec.w3c.W3CHttpResponseCodec.decode(W3CHttpResponseCodec.java:50)
at org.openqa.selenium.remote.HttpCommandExecutor.execute(HttpCommandExecutor.java:190)
at org.openqa.selenium.remote.service.DriverCommandExecutor.invokeExecute(DriverCommandExecutor.java:216)
at org.openqa.selenium.remote.service.DriverCommandExecutor.execute(DriverCommandExecutor.java:174)
at org.openqa.selenium.remote.RemoteWebDriver.execute(RemoteWebDriver.java:518)
at org.openqa.selenium.remote.RemoteWebElement.execute(RemoteWebElement.java:223)
at org.openqa.selenium.remote.RemoteWebElement.click(RemoteWebElement.java:76)
at stepdefinitions.PFSteps.i_click_calculate_button(PFSteps.java:35)
at âœ½.I click on the calculate button(file:///C:/Users/HP/eclipse-workspace/control/src/test/resources/features/PFCalculator.feature:6)
]]>
    </error>
  </testcase> <!-- runScenario -->
</testsuite> <!-- runners.TestRunner -->
